2022-02-11 20:53:01---日志开始记录
2022-02-11 20:53:18---正在上传：/home/tianlaoban/Documents/2021-11-28备份/资料/本科论文/素材-浏览器logo/Firefox.png
2022-02-11 20:53:19---正在上传：/home/tianlaoban/Documents/2021-11-28备份/资料/本科论文/素材-浏览器logo/360安全.png
2022-02-11 20:53:22---正在上传：/home/tianlaoban/Documents/2021-11-28备份/资料/本科论文/素材-浏览器logo/microsoftedgenewlogo.5.webp
2022-02-11 20:53:24---正在上传：/home/tianlaoban/Documents/2021-11-28备份/资料/本科论文/素材-浏览器logo/opera.jpg
2022-02-11 20:53:25---正在上传：/home/tianlaoban/Documents/2021-11-28备份/资料/本科论文/素材-浏览器logo/360.jpg
2022-02-11 20:53:26---正在上传：/home/tianlaoban/Documents/2021-11-28备份/资料/本科论文/素材-浏览器logo/360极速.jpg
2022-02-11 20:53:27---正在上传：/home/tianlaoban/Documents/2021-11-28备份/资料/本科论文/素材-浏览器logo/QQ.jpg
2022-02-11 20:56:02---日志开始记录
2022-02-11 21:04:53---日志开始记录
2022-02-11 21:47:27---日志开始记录
2022-02-11 21:54:40---日志开始记录
2022-02-11 21:54:44---正在上传：/home/tianlaoban/Desktop/截图_选择区域_20220211215426.png
2022-02-11 21:58:46---正在上传：/home/tianlaoban/Desktop/截图_选择区域_20220211215755.png
2022-02-11 22:10:28---日志开始记录
2022-02-11 22:10:58---正在上传：/home/tianlaoban/Downloads/化为手机备份/化为手机备份/风景/IMG_20200326_162510.jpg
2022-02-11 22:11:58---正在上传：/home/tianlaoban/Downloads/化为手机备份/化为手机备份/风景/IMG_20200326_162510.jpg
2022-02-11 22:12:05---正在上传：/home/tianlaoban/Downloads/化为手机备份/化为手机备份/风景/IMG_20200326_065909.jpg
2022-02-11 22:24:56---日志开始记录
2022-02-11 22:25:01---正在上传：/home/tianlaoban/Videos/Screen Recordings/录屏_vlc_20220211222101.mp4
2022-02-11 23:11:43---日志开始记录
2022-02-11 23:12:02---正在上传：/home/tianlaoban/Downloads/化为手机备份/化为手机备份/【ASMR】温柔女友的叫起床服务 -兔兔比比.mkv
2022-02-11 23:16:40---日志开始记录
2022-02-11 23:16:53---正在上传：/home/tianlaoban/Downloads/化为手机备份/化为手机备份/内射小女友.m4a
2022-02-11 23:19:56---正在上传：/home/tianlaoban/Downloads/化为手机备份/化为手机备份/小骚货一直喊快一点.m4a
2022-02-11 23:21:00---正在上传：/home/tianlaoban/Downloads/化为手机备份/化为手机备份/可爱女友淫荡对白.m4a
2022-02-11 23:24:12---正在上传：/home/tianlaoban/Downloads/化为手机备份/化为手机备份/【ASMR】妹妹羞羞的温柔服务~兔兔比比付费福利中文音声 舔耳 水声 R18.mkv
2022-02-11 23:24:24---日志开始记录
2022-02-11 23:24:27---正在上传：/home/tianlaoban/Downloads/化为手机备份/化为手机备份/【ASMR】温柔女友的叫起床服务 -兔兔比比.mkv
2022-02-24 13:57:10---日志开始记录
2022-02-24 13:59:02---日志开始记录
2022-02-24 13:59:34---正在上传：/home/tianlaoban/Pictures/9f1149d0700585c8d7623b8290cb05dd.gif
2022-03-01 10:19:43---日志开始记录
2022-03-01 10:20:13---日志开始记录
2022-03-01 10:21:20---日志开始记录
2022-03-01 10:21:59---日志开始记录
2022-03-01 10:26:02---日志开始记录
2022-03-01 10:27:03---日志开始记录
2022-03-01 20:48:30---日志开始记录
2022-03-01 20:48:54---正在上传：/home/tianlaoban/Downloads/元气骑士（血蓝无限无限资源）.apk
